<?xml version="1.0" encoding="UTF-8"?><testrun name="BookDaoImplIntegrationTest" project="jdbctemplate" tests="3" started="3" failures="0" errors="1" ignored="0">
  <testsuite name="com.devtiro.jdbctemplate.BookDaoImplIntegrationTest" time="2.404" displayname="BookDaoImplIntegrationTest" uniqueid="[engine:junit-jupiter]/[class:com.devtiro.jdbctemplate.BookDaoImplIntegrationTest]">
    <testcase name="testThatBookCanBeUpdated" classname="com.devtiro.jdbctemplate.BookDaoImplIntegrationTest" time="1.156" displayname="testThatBookCanBeUpdated()" uniqueid="[engine:junit-jupiter]/[class:com.devtiro.jdbctemplate.BookDaoImplIntegrationTest]/[method:testThatBookCanBeUpdated()]">
      <error>org.springframework.dao.DataIntegrityViolationException: PreparedStatementCallback; SQL [INSERT INTO books (isbn, title, author_id) VALUES (?, ?, ?)]; Referential integrity constraint violation: "fk_author: public.books FOREIGN KEY(author_id) REFERENCES public.authors(id) (CAST(1 AS BIGINT))"; SQL statement:
INSERT INTO books (isbn, title, author_id) VALUES (?, ?, ?) [23506-214]&#13;
	at org.springframework.jdbc.support.SQLExceptionSubclassTranslator.doTranslate(SQLExceptionSubclassTranslator.java:97)&#13;
	at org.springframework.jdbc.support.AbstractFallbackSQLExceptionTranslator.translate(AbstractFallbackSQLExceptionTranslator.java:73)&#13;
	at org.springframework.jdbc.core.JdbcTemplate.translateException(JdbcTemplate.java:1572)&#13;
	at org.springframework.jdbc.core.JdbcTemplate.execute(JdbcTemplate.java:667)&#13;
	at org.springframework.jdbc.core.JdbcTemplate.update(JdbcTemplate.java:960)&#13;
	at org.springframework.jdbc.core.JdbcTemplate.update(JdbcTemplate.java:1015)&#13;
	at org.springframework.jdbc.core.JdbcTemplate.update(JdbcTemplate.java:1025)&#13;
	at com.devtiro.jdbctemplate.dao.impl.BookDaoImpl.create(BookDaoImpl.java:30)&#13;
	at com.devtiro.jdbctemplate.BookDaoImplIntegrationTest.testThatBookCanBeUpdated(BookDaoImplIntegrationTest.java:76)&#13;
	at java.base/jdk.internal.reflect.NativeMethodAccessorImpl.invoke0(Native Method)&#13;
	at java.base/jdk.internal.reflect.NativeMethodAccessorImpl.invoke(NativeMethodAccessorImpl.java:77)&#13;
	at java.base/jdk.internal.reflect.DelegatingMethodAccessorImpl.invoke(DelegatingMethodAccessorImpl.java:43)&#13;
	at java.base/java.lang.reflect.Method.invoke(Method.java:568)&#13;
	at org.junit.platform.commons.util.ReflectionUtils.invokeMethod(ReflectionUtils.java:727)&#13;
	at org.junit.jupiter.engine.execution.MethodInvocation.proceed(MethodInvocation.java:60)&#13;
	at org.junit.jupiter.engine.execution.InvocationInterceptorChain$ValidatingInvocation.proceed(InvocationInterceptorChain.java:131)&#13;
	at org.junit.jupiter.engine.extension.TimeoutExtension.intercept(TimeoutExtension.java:156)&#13;
	at org.junit.jupiter.engine.extension.TimeoutExtension.interceptTestableMethod(TimeoutExtension.java:147)&#13;
	at org.junit.jupiter.engine.extension.TimeoutExtension.interceptTestMethod(TimeoutExtension.java:86)&#13;
	at org.junit.jupiter.engine.execution.InterceptingExecutableInvoker$ReflectiveInterceptorCall.lambda$ofVoidMethod$0(InterceptingExecutableInvoker.java:103)&#13;
	at org.junit.jupiter.engine.execution.InterceptingExecutableInvoker.lambda$invoke$0(InterceptingExecutableInvoker.java:93)&#13;
	at org.junit.jupiter.engine.execution.InvocationInterceptorChain$InterceptedInvocation.proceed(InvocationInterceptorChain.java:106)&#13;
	at org.junit.jupiter.engine.execution.InvocationInterceptorChain.proceed(InvocationInterceptorChain.java:64)&#13;
	at org.junit.jupiter.engine.execution.InvocationInterceptorChain.chainAndInvoke(InvocationInterceptorChain.java:45)&#13;
	at org.junit.jupiter.engine.execution.InvocationInterceptorChain.invoke(InvocationInterceptorChain.java:37)&#13;
	at org.junit.jupiter.engine.execution.InterceptingExecutableInvoker.invoke(InterceptingExecutableInvoker.java:92)&#13;
	at org.junit.jupiter.engine.execution.InterceptingExecutableInvoker.invoke(InterceptingExecutableInvoker.java:86)&#13;
	at org.junit.jupiter.engine.descriptor.TestMethodTestDescriptor.lambda$invokeTestMethod$7(TestMethodTestDescriptor.java:217)&#13;
	at org.junit.platform.engine.support.hierarchical.ThrowableCollector.execute(ThrowableCollector.java:73)&#13;
	at org.junit.jupiter.engine.descriptor.TestMethodTestDescriptor.invokeTestMethod(TestMethodTestDescriptor.java:213)&#13;
	at org.junit.jupiter.engine.descriptor.TestMethodTestDescriptor.execute(TestMethodTestDescriptor.java:138)&#13;
	at org.junit.jupiter.engine.descriptor.TestMethodTestDescriptor.execute(TestMethodTestDescriptor.java:68)&#13;
	at org.junit.platform.engine.support.hierarchical.NodeTestTask.lambda$executeRecursively$6(NodeTestTask.java:151)&#13;
	at org.junit.platform.engine.support.hierarchical.ThrowableCollector.execute(ThrowableCollector.java:73)&#13;
	at org.junit.platform.engine.support.hierarchical.NodeTestTask.lambda$executeRecursively$8(NodeTestTask.java:141)&#13;
	at org.junit.platform.engine.support.hierarchical.Node.around(Node.java:137)&#13;
	at org.junit.platform.engine.support.hierarchical.NodeTestTask.lambda$executeRecursively$9(NodeTestTask.java:139)&#13;
	at org.junit.platform.engine.support.hierarchical.ThrowableCollector.execute(ThrowableCollector.java:73)&#13;
	at org.junit.platform.engine.support.hierarchical.NodeTestTask.executeRecursively(NodeTestTask.java:138)&#13;
	at org.junit.platform.engine.support.hierarchical.NodeTestTask.execute(NodeTestTask.java:95)&#13;
	at java.base/java.util.ArrayList.forEach(ArrayList.java:1511)&#13;
	at org.junit.platform.engine.support.hierarchical.SameThreadHierarchicalTestExecutorService.invokeAll(SameThreadHierarchicalTestExecutorService.java:41)&#13;
	at org.junit.platform.engine.support.hierarchical.NodeTestTask.lambda$executeRecursively$6(NodeTestTask.java:155)&#13;
	at org.junit.platform.engine.support.hierarchical.ThrowableCollector.execute(ThrowableCollector.java:73)&#13;
	at org.junit.platform.engine.support.hierarchical.NodeTestTask.lambda$executeRecursively$8(NodeTestTask.java:141)&#13;
	at org.junit.platform.engine.support.hierarchical.Node.around(Node.java:137)&#13;
	at org.junit.platform.engine.support.hierarchical.NodeTestTask.lambda$executeRecursively$9(NodeTestTask.java:139)&#13;
	at org.junit.platform.engine.support.hierarchical.ThrowableCollector.execute(ThrowableCollector.java:73)&#13;
	at org.junit.platform.engine.support.hierarchical.NodeTestTask.executeRecursively(NodeTestTask.java:138)&#13;
	at org.junit.platform.engine.support.hierarchical.NodeTestTask.execute(NodeTestTask.java:95)&#13;
	at java.base/java.util.ArrayList.forEach(ArrayList.java:1511)&#13;
	at org.junit.platform.engine.support.hierarchical.SameThreadHierarchicalTestExecutorService.invokeAll(SameThreadHierarchicalTestExecutorService.java:41)&#13;
	at org.junit.platform.engine.support.hierarchical.NodeTestTask.lambda$executeRecursively$6(NodeTestTask.java:155)&#13;
	at org.junit.platform.engine.support.hierarchical.ThrowableCollector.execute(ThrowableCollector.java:73)&#13;
	at org.junit.platform.engine.support.hierarchical.NodeTestTask.lambda$executeRecursively$8(NodeTestTask.java:141)&#13;
	at org.junit.platform.engine.support.hierarchical.Node.around(Node.java:137)&#13;
	at org.junit.platform.engine.support.hierarchical.NodeTestTask.lambda$executeRecursively$9(NodeTestTask.java:139)&#13;
	at org.junit.platform.engine.support.hierarchical.ThrowableCollector.execute(ThrowableCollector.java:73)&#13;
	at org.junit.platform.engine.support.hierarchical.NodeTestTask.executeRecursively(NodeTestTask.java:138)&#13;
	at org.junit.platform.engine.support.hierarchical.NodeTestTask.execute(NodeTestTask.java:95)&#13;
	at org.junit.platform.engine.support.hierarchical.SameThreadHierarchicalTestExecutorService.submit(SameThreadHierarchicalTestExecutorService.java:35)&#13;
	at org.junit.platform.engine.support.hierarchical.HierarchicalTestExecutor.execute(HierarchicalTestExecutor.java:57)&#13;
	at org.junit.platform.engine.support.hierarchical.HierarchicalTestEngine.execute(HierarchicalTestEngine.java:54)&#13;
	at org.junit.platform.launcher.core.EngineExecutionOrchestrator.execute(EngineExecutionOrchestrator.java:147)&#13;
	at org.junit.platform.launcher.core.EngineExecutionOrchestrator.execute(EngineExecutionOrchestrator.java:127)&#13;
	at org.junit.platform.launcher.core.EngineExecutionOrchestrator.execute(EngineExecutionOrchestrator.java:90)&#13;
	at org.junit.platform.launcher.core.EngineExecutionOrchestrator.lambda$execute$0(EngineExecutionOrchestrator.java:55)&#13;
	at org.junit.platform.launcher.core.EngineExecutionOrchestrator.withInterceptedStreams(EngineExecutionOrchestrator.java:102)&#13;
	at org.junit.platform.launcher.core.EngineExecutionOrchestrator.execute(EngineExecutionOrchestrator.java:54)&#13;
	at org.junit.platform.launcher.core.DefaultLauncher.execute(DefaultLauncher.java:114)&#13;
	at org.junit.platform.launcher.core.DefaultLauncher.execute(DefaultLauncher.java:95)&#13;
	at org.junit.platform.launcher.core.DefaultLauncherSession$DelegatingLauncher.execute(DefaultLauncherSession.java:91)&#13;
	at org.junit.platform.launcher.core.SessionPerRequestLauncher.execute(SessionPerRequestLauncher.java:60)&#13;
	at org.eclipse.jdt.internal.junit5.runner.JUnit5TestReference.run(JUnit5TestReference.java:98)&#13;
	at org.eclipse.jdt.internal.junit.runner.TestExecution.run(TestExecution.java:40)&#13;
	at org.eclipse.jdt.internal.junit.runner.RemoteTestRunner.runTests(RemoteTestRunner.java:529)&#13;
	at org.eclipse.jdt.internal.junit.runner.RemoteTestRunner.runTests(RemoteTestRunner.java:756)&#13;
	at org.eclipse.jdt.internal.junit.runner.RemoteTestRunner.run(RemoteTestRunner.java:452)&#13;
	at org.eclipse.jdt.internal.junit.runner.RemoteTestRunner.main(RemoteTestRunner.java:210)&#13;
Caused by: org.h2.jdbc.JdbcSQLIntegrityConstraintViolationException: Referential integrity constraint violation: "fk_author: public.books FOREIGN KEY(author_id) REFERENCES public.authors(id) (CAST(1 AS BIGINT))"; SQL statement:
INSERT INTO books (isbn, title, author_id) VALUES (?, ?, ?) [23506-214]&#13;
	at org.h2.message.DbException.getJdbcSQLException(DbException.java:508)&#13;
	at org.h2.message.DbException.getJdbcSQLException(DbException.java:477)&#13;
	at org.h2.message.DbException.get(DbException.java:223)&#13;
	at org.h2.message.DbException.get(DbException.java:199)&#13;
	at org.h2.constraint.ConstraintReferential.checkRowOwnTable(ConstraintReferential.java:311)&#13;
	at org.h2.constraint.ConstraintReferential.checkRow(ConstraintReferential.java:252)&#13;
	at org.h2.table.Table.fireConstraints(Table.java:1172)&#13;
	at org.h2.table.Table.fireAfterRow(Table.java:1190)&#13;
	at org.h2.command.dml.Insert.insertRows(Insert.java:188)&#13;
	at org.h2.command.dml.Insert.update(Insert.java:135)&#13;
	at org.h2.command.dml.DataChangeStatement.update(DataChangeStatement.java:74)&#13;
	at org.h2.command.CommandContainer.update(CommandContainer.java:169)&#13;
	at org.h2.command.Command.executeUpdate(Command.java:252)&#13;
	at org.h2.jdbc.JdbcPreparedStatement.executeUpdateInternal(JdbcPreparedStatement.java:209)&#13;
	at org.h2.jdbc.JdbcPreparedStatement.executeUpdate(JdbcPreparedStatement.java:169)&#13;
	at com.zaxxer.hikari.pool.ProxyPreparedStatement.executeUpdate(ProxyPreparedStatement.java:61)&#13;
	at com.zaxxer.hikari.pool.HikariProxyPreparedStatement.executeUpdate(HikariProxyPreparedStatement.java)&#13;
	at org.springframework.jdbc.core.JdbcTemplate.lambda$update$2(JdbcTemplate.java:965)&#13;
	at org.springframework.jdbc.core.JdbcTemplate.execute(JdbcTemplate.java:648)&#13;
	... 75 more&#13;
&#13;
</error>
    </testcase>
    <testcase name="testthatBookCanBeCreatedAndRecaled" classname="com.devtiro.jdbctemplate.BookDaoImplIntegrationTest" time="0.107" displayname="testthatBookCanBeCreatedAndRecaled()" uniqueid="[engine:junit-jupiter]/[class:com.devtiro.jdbctemplate.BookDaoImplIntegrationTest]/[method:testthatBookCanBeCreatedAndRecaled()]"/>
    <testcase name="testThatMultipleBooksCanBeCreatedAndRecalled" classname="com.devtiro.jdbctemplate.BookDaoImplIntegrationTest" time="0.036" displayname="testThatMultipleBooksCanBeCreatedAndRecalled()" uniqueid="[engine:junit-jupiter]/[class:com.devtiro.jdbctemplate.BookDaoImplIntegrationTest]/[method:testThatMultipleBooksCanBeCreatedAndRecalled()]"/>
  </testsuite>
</testrun>
